2016-11-28 12:23:13.988126 ‘run/LATEST.COMPILE’ -> ‘20161128/122313.949986780’
2016-11-28 12:23:13.988251 ‘run/RUNNING.COMPILE’ -> ‘20161128/122313.949986780’
2016-11-28 12:23:13.988267 Parsing DeepDive application (/home/ehsan/company) to generate:
2016-11-28 12:23:13.988281  run/compiled/schema.json
2016-11-28 12:23:13.988294   from app.ddlog
2016-11-28 12:23:14.522131  run/compiled/deepdive.conf
2016-11-28 12:23:14.522264   from app.ddlog
2016-11-28 12:23:15.153631   from deepdive.conf
2016-11-28 12:23:15.156794  run/compiled/deepdive.conf.json
2016-11-28 12:23:15.516886 Performing sanity checks on run/compiled/deepdive.conf.json:
2016-11-28 12:23:15.562750  checking if input_extractors_well_defined
2016-11-28 12:23:15.562839  checking if input_schema_wellformed
2016-11-28 12:23:15.563066 Normalizing and adding built-in processes to the data flow to compile:
2016-11-28 12:23:15.563531  run/compiled/config-0.00-init_objects.json
2016-11-28 12:23:15.577577  run/compiled/config-0.01-parse_calibration.json
2016-11-28 12:23:15.588453  run/compiled/config-0.01-parse_schema.json
2016-11-28 12:23:15.614670  run/compiled/config-0.51-add_init_app.json
2016-11-28 12:23:15.625051  run/compiled/config-0.52-input_loader.json
2016-11-28 12:23:15.641350  run/compiled/config-1.00-qualified_names.json
2016-11-28 12:23:15.662968  run/compiled/config-1.01-parse_inference_rules.json
2016-11-28 12:23:15.704883  run/compiled/config-2.01-grounding.json
2016-11-28 12:23:15.912579  run/compiled/config-2.02-learning_inference.json
2016-11-28 12:23:15.938622  run/compiled/config-2.03-calibration_plots.json
2016-11-28 12:23:15.954894  run/compiled/config-9.98-ensure_init_app.json
2016-11-28 12:23:15.968703  run/compiled/config-9.99-dependencies.json
2016-11-28 12:23:15.984941  run/compiled/config.json
2016-11-28 12:23:15.986149 Validating run/compiled/config.json:
2016-11-28 12:23:16.054966  checking if compiled_base_relations_have_input_data
2016-11-28 12:23:16.055052  checking if compiled_dependencies_correct
2016-11-28 12:23:16.055067  checking if compiled_input_output_well_defined
2016-11-28 12:23:16.055080  checking if compiled_output_uniquely_defined
2016-11-28 12:23:16.055271 Compiling executable code into:
2016-11-28 12:23:16.055554  run/compiled/code-cmd_extractor.json
2016-11-28 12:23:16.070812  run/compiled/code-dataflow_dot.json
2016-11-28 12:23:16.095084  run/compiled/code-Makefile.json
2016-11-28 12:23:16.122209  run/compiled/code-sql_extractor.json
2016-11-28 12:23:16.137051  run/compiled/code-tsv_extractor.json
2016-11-28 12:23:16.155424 Generating files:
2016-11-28 12:23:16.171824  run/process/init/app/run.sh
2016-11-28 12:23:16.178172  run/process/init/relation/articles/run.sh
2016-11-28 12:23:16.184230  run/dataflow.dot
2016-11-28 12:23:16.189454  run/Makefile
2016-11-28 12:23:16.194972  run/process/ext_company_mention_by_map_company_mention/run.sh
2016-11-28 12:23:16.201273  run/process/ext_sentences_by_nlp_markup/run.sh
2016-11-28 12:23:16.233024  run/dataflow.svg
2016-11-28 12:23:16.233824   (file:///home/ehsan/company/run/dataflow.svg)
2016-11-28 12:23:16.235142 ‘run/compiled’ -> ‘run/compiled~’
2016-11-28 12:23:16.236437 ‘run/compiled’ -> ‘20161128/122313.949986780’
